<?xml version="1.0" encoding="UTF-8"?>
<testng-results skipped="0" failed="0" total="4" passed="4">
  <reporter-output>
  </reporter-output>
  <suite name="Default suite" duration-ms="5831" started-at="2015-08-24T16:29:14Z" finished-at="2015-08-24T16:29:20Z">
    <groups>
    </groups>
    <test name="Default test" duration-ms="5831" started-at="2015-08-24T16:29:14Z" finished-at="2015-08-24T16:29:20Z">
      <class name="com.example.tests.ContactCreationTests">
        <test-method status="PASS" signature="testEmptyContactCreation()[pri:0, instance:com.example.tests.ContactCreationTests@224aed64]" name="testEmptyContactCreation" duration-ms="962" started-at="2015-08-24T19:29:18Z" finished-at="2015-08-24T19:29:19Z">
          <reporter-output>
          </reporter-output>
        </test-method> <!-- testEmptyContactCreation -->
        <test-method status="PASS" signature="testNonEmptyContactCreation()[pri:0, instance:com.example.tests.ContactCreationTests@224aed64]" name="testNonEmptyContactCreation" duration-ms="1146" started-at="2015-08-24T19:29:19Z" finished-at="2015-08-24T19:29:20Z">
          <reporter-output>
          </reporter-output>
        </test-method> <!-- testNonEmptyContactCreation -->
      </class> <!-- com.example.tests.ContactCreationTests -->
      <class name="com.example.tests.TestBase">
        <test-method status="PASS" signature="setUp()[pri:0, instance:com.example.tests.TestBase@22a71081]" name="setUp" is-config="true" duration-ms="2047" started-at="2015-08-24T19:29:14Z" finished-at="2015-08-24T19:29:16Z">
          <reporter-output>
          </reporter-output>
        </test-method> <!-- setUp -->
        <test-method status="PASS" signature="tearDown()[pri:0, instance:com.example.tests.TestBase@22a71081]" name="tearDown" is-config="true" duration-ms="270" started-at="2015-08-24T19:29:20Z" finished-at="2015-08-24T19:29:20Z">
          <reporter-output>
          </reporter-output>
        </test-method> <!-- tearDown -->
      </class> <!-- com.example.tests.TestBase -->
      <class name="com.example.tests.GroupCreationTests">
        <test-method status="PASS" signature="testEmptyGroupCreation()[pri:0, instance:com.example.tests.GroupCreationTests@387c703b]" name="testEmptyGroupCreation" duration-ms="759" started-at="2015-08-24T19:29:16Z" finished-at="2015-08-24T19:29:17Z">
          <reporter-output>
          </reporter-output>
        </test-method> <!-- testEmptyGroupCreation -->
        <test-method status="PASS" signature="testNonEmptyGroupCreation()[pri:0, instance:com.example.tests.GroupCreationTests@387c703b]" name="testNonEmptyGroupCreation" duration-ms="637" started-at="2015-08-24T19:29:17Z" finished-at="2015-08-24T19:29:18Z">
          <reporter-output>
          </reporter-output>
        </test-method> <!-- testNonEmptyGroupCreation -->
      </class> <!-- com.example.tests.GroupCreationTests -->
    </test> <!-- Default test -->
  </suite> <!-- Default suite -->
</testng-results>
