<?xml version="1.0" encoding="UTF-8"?>
<!-- Generated by org.testng.reporters.JUnitXMLReporter -->
<testsuite hostname="maga-pc" name="Default test" tests="4" failures="0" timestamp="24 Aug 2015 16:29:20 GMT" time="5.831" errors="0">
  <testcase name="testEmptyGroupCreation" time="0.759" classname="com.example.tests.GroupCreationTests"/>
  <testcase name="testNonEmptyGroupCreation" time="0.637" classname="com.example.tests.GroupCreationTests"/>
  <testcase name="testEmptyContactCreation" time="0.962" classname="com.example.tests.ContactCreationTests"/>
  <testcase name="testNonEmptyContactCreation" time="1.146" classname="com.example.tests.ContactCreationTests"/>
</testsuite> <!-- Default test -->
