<?xml version="1.0" encoding="UTF-8"?>
<!-- Generated by org.testng.reporters.JUnitXMLReporter -->
<testsuite hostname="maga-pc" name="Default test" tests="4" failures="0" timestamp="21 Aug 2015 17:50:10 GMT" time="4.671" errors="0">
  <testcase name="testEmptyGroupCreation" time="0.764" classname="com.example.tests.GroupCreationTests"/>
  <testcase name="testNonEmptyGroupCreation" time="0.587" classname="com.example.tests.GroupCreationTests"/>
  <testcase name="testEmptyGroupCreation" time="0.56" classname="com.example.tests.AlsoCreationTests"/>
  <testcase name="testNonEmptyGroupCreation" time="0.538" classname="com.example.tests.AlsoCreationTests"/>
</testsuite> <!-- Default test -->
